<?xml version="1.0" encoding="UTF-8"?>
<!-- Generated by org.testng.reporters.JUnitReportReporter -->
<testsuite hostname="Nuvobook_V1" failures="0" tests="1" name="testng.day41addtocartchronologicalorder" time="5.926" errors="0" timestamp="2024-01-27T16:08:28 IST" skipped="0">
  <testcase classname="testng.day41addtocartchronologicalorder" name="addtocart" time="5.926"/>
  <system-out/>
</testsuite> <!-- testng.day41addtocartchronologicalorder -->
