<?xml version="1.0" encoding="UTF-8"?>
<!-- Generated by org.testng.reporters.JUnitReportReporter -->
<testsuite hostname="Nuvobook_V1" failures="0" tests="2" name="paramaterized.UrlParamaterized" time="12.860" errors="0" timestamp="2024-01-31T10:45:34 IST" skipped="0">
  <testcase classname="paramaterized.UrlParamaterized" name="dws" time="7.913"/>
  <system-out/>
  <testcase classname="paramaterized.UrlParamaterized" name="dws1" time="4.947"/>
  <system-out/>
</testsuite> <!-- paramaterized.UrlParamaterized -->
