<?xml version="1.0" encoding="UTF-8"?>
<!-- Generated by org.testng.reporters.JUnitReportReporter -->
<testsuite hostname="Nuvobook_V1" failures="0" tests="1" name="testng.day43dataproviderSenderAndReceiver" time="0.000" errors="0" timestamp="2024-01-29T11:27:54 IST" skipped="1">
  <testcase classname="testng.day43dataproviderSenderAndReceiver" name="receiver" time="0.000">
    <skipped/>
  </testcase> <!-- receiver -->
  <system-out/>
</testsuite> <!-- testng.day43dataproviderSenderAndReceiver -->
