<?xml version="1.0" encoding="UTF-8"?>
<!-- Generated by org.testng.reporters.JUnitReportReporter -->
<testsuite hostname="Nuvobook_V1" failures="0" tests="1" name="Assertion.hardandsoftassert" time="4.837" errors="0" timestamp="2024-01-31T15:42:55 IST" skipped="0">
  <testcase classname="Assertion.hardandsoftassert" name="dws" time="4.837"/>
  <system-out/>
</testsuite> <!-- Assertion.hardandsoftassert -->
