<?xml version="1.0" encoding="UTF-8"?>
<!-- Generated by org.testng.reporters.JUnitReportReporter -->
<testsuite hostname="Nuvobook_V1" failures="0" tests="1" name="paramaterized.differentBrowsers" time="5.704" errors="0" timestamp="2024-01-31T11:15:31 IST" skipped="0">
  <testcase classname="paramaterized.differentBrowsers" name="browsers" time="5.704"/>
  <system-out>
    <![CDATA[edgedriver]]>
  </system-out>
</testsuite> <!-- paramaterized.differentBrowsers -->
