<?xml version="1.0" encoding="UTF-8"?>
<!-- Generated by org.testng.reporters.JUnitReportReporter -->
<testsuite hostname="Nuvobook_V1" failures="0" tests="1" name="testngassignmnet2.testngducati" time="25.809" errors="0" timestamp="2024-01-29T17:02:33 IST" skipped="0">
  <testcase classname="testngassignmnet2.testngducati" name="ducati" time="25.809"/>
  <system-out/>
</testsuite> <!-- testngassignmnet2.testngducati -->
