<?xml version="1.0" encoding="UTF-8"?>
<!-- Generated by org.testng.reporters.JUnitReportReporter -->
<testsuite hostname="Nuvobook_V1" failures="0" tests="3" name="testng.DWS" time="0.009" errors="0" timestamp="2024-01-24T11:16:52 IST" skipped="0">
  <testcase classname="testng.DWS" name="nest" time="0.000"/>
  <system-out/>
  <testcase classname="testng.DWS" name="demowebshop" time="0.007"/>
  <system-out>
    <![CDATA[fb]]>
  </system-out>
  <testcase classname="testng.DWS" name="zest" time="0.002"/>
  <system-out/>
</testsuite> <!-- testng.DWS -->
