<?xml version="1.0" encoding="UTF-8"?>
<!-- Generated by org.testng.reporters.JUnitReportReporter -->
<testsuite hostname="Nuvobook_V1" failures="0" tests="1" name="POM.executedws" time="6.350" errors="0" timestamp="2024-02-01T11:25:48 IST" skipped="0">
  <testcase classname="POM.executedws" name="receiver" time="6.350"/>
  <system-out/>
</testsuite> <!-- POM.executedws -->
