<?xml version="1.0" encoding="UTF-8"?>
<!-- Generated by org.testng.reporters.JUnitReportReporter -->
<testsuite hostname="Nuvobook_V1" failures="0" tests="1" name="testngassignment1.testngwoodland" time="8.430" errors="0" timestamp="2024-01-29T16:51:45 IST" skipped="0">
  <testcase classname="testngassignment1.testngwoodland" name="woodland" time="8.430"/>
  <system-out/>
</testsuite> <!-- testngassignment1.testngwoodland -->
