<?xml version="1.0" encoding="UTF-8"?>
<!-- Generated by org.testng.reporters.JUnitReportReporter -->
<testsuite hostname="Nuvobook_V1" failures="0" tests="1" name="testngassignmnet2.testngyamaha" time="6.710" errors="0" timestamp="2024-01-29T17:02:33 IST" skipped="0">
  <testcase classname="testngassignmnet2.testngyamaha" name="yamaha" time="6.710"/>
  <system-out/>
</testsuite> <!-- testngassignmnet2.testngyamaha -->
