<?xml version="1.0" encoding="UTF-8"?>
<!-- Generated by org.testng.reporters.JUnitReportReporter -->
<testsuite hostname="Nuvobook_V1" failures="0" tests="2" name="testng.day41chronlogicalorder1" time="0.006" errors="0" timestamp="2024-01-27T10:51:14 IST" skipped="0">
  <testcase classname="testng.day41chronlogicalorder1" name="test" time="0.005"/>
  <system-out/>
  <testcase classname="testng.day41chronlogicalorder1" name="test123" time="0.001"/>
  <system-out/>
</testsuite> <!-- testng.day41chronlogicalorder1 -->
