<?xml version="1.0" encoding="UTF-8"?>
<!-- Generated by org.testng.reporters.JUnitReportReporter -->
<testsuite hostname="Nuvobook_V1" failures="0" tests="1" name="testng.day44fetchingthedatafromexcel" time="6.381" errors="0" timestamp="2024-01-30T11:11:31 IST" skipped="0">
  <testcase classname="testng.day44fetchingthedatafromexcel" name="loginDWS" time="6.381"/>
  <system-out/>
</testsuite> <!-- testng.day44fetchingthedatafromexcel -->
