<?xml version="1.0" encoding="UTF-8"?>
<!-- Generated by org.testng.reporters.JUnitReportReporter -->
<testsuite hostname="Nuvobook_V1" failures="0" tests="5" name="testng.day42priorityInvocationcountThreadpoolarea" time="81.464" errors="0" timestamp="2024-01-29T17:20:40 IST" skipped="0">
  <testcase classname="testng.day42priorityInvocationcountThreadpoolarea" name="yamaha" time="9.669"/>
  <system-out/>
  <testcase classname="testng.day42priorityInvocationcountThreadpoolarea" name="bmw" time="6.377"/>
  <system-out/>
  <testcase classname="testng.day42priorityInvocationcountThreadpoolarea" name="davidson" time="28.979"/>
  <system-out/>
  <testcase classname="testng.day42priorityInvocationcountThreadpoolarea" name="davidson" time="28.982"/>
  <system-out/>
  <testcase classname="testng.day42priorityInvocationcountThreadpoolarea" name="kawasaki" time="7.457"/>
  <system-out/>
</testsuite> <!-- testng.day42priorityInvocationcountThreadpoolarea -->
