<?xml version="1.0" encoding="UTF-8"?>
<!-- Generated by org.testng.reporters.JUnitReportReporter -->
<testsuite hostname="Nuvobook_V1" failures="0" tests="1" name="testng.day41" time="0.005" errors="0" timestamp="2024-01-27T10:47:57 IST" skipped="0">
  <testcase classname="testng.day41" name="test" time="0.005"/>
  <system-out/>
</testsuite> <!-- testng.day41 -->
