<?xml version="1.0" encoding="UTF-8"?>
<!-- Generated by org.testng.reporters.JUnitReportReporter -->
<testsuite hostname="Nuvobook_V1" failures="0" tests="1" name="testngassignment1.testngreebok" time="11.336" errors="0" timestamp="2024-01-29T16:51:45 IST" skipped="0">
  <testcase classname="testngassignment1.testngreebok" name="reebok" time="11.336"/>
  <system-out/>
</testsuite> <!-- testngassignment1.testngreebok -->
